INFO:apscheduler.scheduler:Adding job tentatively -- it will be properly scheduled when the scheduler starts
INFO:apscheduler.scheduler:Added job "release_expired_seats" to job store "default"
INFO:apscheduler.scheduler:Scheduler started
INFO:apscheduler.scheduler:Adding job tentatively -- it will be properly scheduled when the scheduler starts
INFO:apscheduler.scheduler:Added job "release_expired_seats" to job store "default"
INFO:apscheduler.scheduler:Scheduler started
INFO:apscheduler.scheduler:Adding job tentatively -- it will be properly scheduled when the scheduler starts
INFO:apscheduler.scheduler:Added job "release_expired_seats" to job store "default"
INFO:apscheduler.scheduler:Scheduler started
INFO:apscheduler.scheduler:Adding job tentatively -- it will be properly scheduled when the scheduler starts
INFO:apscheduler.scheduler:Added job "release_expired_seats" to job store "default"
INFO:apscheduler.scheduler:Scheduler started
INFO:apscheduler.executors.default:Running job "release_expired_seats (trigger: interval[0:00:30], next run at: 2026-06-29 18:31:56 IST)" (scheduled at 2026-06-29 18:31:56.808478+05:30)
INFO:apscheduler.executors.default:Job "release_expired_seats (trigger: interval[0:00:30], next run at: 2026-06-29 18:32:26 IST)" executed successfully
INFO:apscheduler.executors.default:Running job "release_expired_seats (trigger: interval[0:00:30], next run at: 2026-06-29 18:32:56 IST)" (scheduled at 2026-06-29 18:32:26.808478+05:30)
INFO:apscheduler.executors.default:Job "release_expired_seats (trigger: interval[0:00:30], next run at: 2026-06-29 18:32:56 IST)" executed successfully
INFO:apscheduler.scheduler:Adding job tentatively -- it will be properly scheduled when the scheduler starts
INFO:apscheduler.scheduler:Added job "release_expired_seats" to job store "default"
INFO:apscheduler.scheduler:Scheduler started
INFO:apscheduler.executors.default:Running job "release_expired_seats (trigger: interval[0:00:30], next run at: 2026-06-29 18:33:03 IST)" (scheduled at 2026-06-29 18:33:03.842451+05:30)
INFO:apscheduler.executors.default:Job "release_expired_seats (trigger: interval[0:00:30], next run at: 2026-06-29 18:33:33 IST)" executed successfully
INFO:apscheduler.executors.default:Running job "release_expired_seats (trigger: interval[0:00:30], next run at: 2026-06-29 18:34:03 IST)" (scheduled at 2026-06-29 18:33:33.842451+05:30)
INFO:apscheduler.executors.default:Job "release_expired_seats (trigger: interval[0:00:30], next run at: 2026-06-29 18:34:03 IST)" executed successfully
INFO:apscheduler.executors.default:Running job "release_expired_seats (trigger: interval[0:00:30], next run at: 2026-06-29 18:34:33 IST)" (scheduled at 2026-06-29 18:34:03.842451+05:30)
INFO:apscheduler.executors.default:Job "release_expired_seats (trigger: interval[0:00:30], next run at: 2026-06-29 18:34:33 IST)" executed successfully
INFO:apscheduler.executors.default:Running job "release_expired_seats (trigger: interval[0:00:30], next run at: 2026-06-29 18:35:03 IST)" (scheduled at 2026-06-29 18:34:33.842451+05:30)
INFO:apscheduler.executors.default:Job "release_expired_seats (trigger: interval[0:00:30], next run at: 2026-06-29 18:35:03 IST)" executed successfully
INFO:apscheduler.executors.default:Running job "release_expired_seats (trigger: interval[0:00:30], next run at: 2026-06-29 18:35:33 IST)" (scheduled at 2026-06-29 18:35:03.842451+05:30)
INFO:apscheduler.executors.default:Job "release_expired_seats (trigger: interval[0:00:30], next run at: 2026-06-29 18:35:33 IST)" executed successfully
INFO:apscheduler.executors.default:Running job "release_expired_seats (trigger: interval[0:00:30], next run at: 2026-06-29 18:36:03 IST)" (scheduled at 2026-06-29 18:35:33.842451+05:30)
INFO:apscheduler.executors.default:Job "release_expired_seats (trigger: interval[0:00:30], next run at: 2026-06-29 18:36:03 IST)" executed successfully
INFO:apscheduler.executors.default:Running job "release_expired_seats (trigger: interval[0:00:30], next run at: 2026-06-29 18:36:33 IST)" (scheduled at 2026-06-29 18:36:03.842451+05:30)
INFO:apscheduler.executors.default:Job "release_expired_seats (trigger: interval[0:00:30], next run at: 2026-06-29 18:36:33 IST)" executed successfully
INFO:apscheduler.executors.default:Running job "release_expired_seats (trigger: interval[0:00:30], next run at: 2026-06-29 18:37:03 IST)" (scheduled at 2026-06-29 18:36:33.842451+05:30)
INFO:apscheduler.executors.default:Job "release_expired_seats (trigger: interval[0:00:30], next run at: 2026-06-29 18:37:03 IST)" executed successfully
INFO:apscheduler.executors.default:Running job "release_expired_seats (trigger: interval[0:00:30], next run at: 2026-06-29 18:37:33 IST)" (scheduled at 2026-06-29 18:37:03.842451+05:30)
INFO:apscheduler.executors.default:Job "release_expired_seats (trigger: interval[0:00:30], next run at: 2026-06-29 18:37:33 IST)" executed successfully
INFO:apscheduler.executors.default:Running job "release_expired_seats (trigger: interval[0:00:30], next run at: 2026-06-29 18:38:03 IST)" (scheduled at 2026-06-29 18:37:33.842451+05:30)
INFO:apscheduler.executors.default:Job "release_expired_seats (trigger: interval[0:00:30], next run at: 2026-06-29 18:38:03 IST)" executed successfully
INFO:apscheduler.executors.default:Running job "release_expired_seats (trigger: interval[0:00:30], next run at: 2026-06-29 18:38:33 IST)" (scheduled at 2026-06-29 18:38:03.842451+05:30)
INFO:apscheduler.executors.default:Job "release_expired_seats (trigger: interval[0:00:30], next run at: 2026-06-29 18:38:33 IST)" executed successfully
INFO:apscheduler.executors.default:Running job "release_expired_seats (trigger: interval[0:00:30], next run at: 2026-06-29 18:39:03 IST)" (scheduled at 2026-06-29 18:38:33.842451+05:30)
INFO:apscheduler.executors.default:Job "release_expired_seats (trigger: interval[0:00:30], next run at: 2026-06-29 18:39:03 IST)" executed successfully
INFO:apscheduler.executors.default:Running job "release_expired_seats (trigger: interval[0:00:30], next run at: 2026-06-29 18:39:33 IST)" (scheduled at 2026-06-29 18:39:03.842451+05:30)
INFO:apscheduler.executors.default:Job "release_expired_seats (trigger: interval[0:00:30], next run at: 2026-06-29 18:39:33 IST)" executed successfully
INFO:apscheduler.executors.default:Running job "release_expired_seats (trigger: interval[0:00:30], next run at: 2026-06-29 18:40:03 IST)" (scheduled at 2026-06-29 18:39:33.842451+05:30)
INFO:apscheduler.executors.default:Job "release_expired_seats (trigger: interval[0:00:30], next run at: 2026-06-29 18:40:03 IST)" executed successfully
INFO:apscheduler.executors.default:Running job "release_expired_seats (trigger: interval[0:00:30], next run at: 2026-06-29 18:40:33 IST)" (scheduled at 2026-06-29 18:40:03.842451+05:30)
INFO:apscheduler.executors.default:Job "release_expired_seats (trigger: interval[0:00:30], next run at: 2026-06-29 18:40:33 IST)" executed successfully
INFO:apscheduler.executors.default:Running job "release_expired_seats (trigger: interval[0:00:30], next run at: 2026-06-29 18:41:03 IST)" (scheduled at 2026-06-29 18:40:33.842451+05:30)
INFO:apscheduler.executors.default:Job "release_expired_seats (trigger: interval[0:00:30], next run at: 2026-06-29 18:41:03 IST)" executed successfully
INFO:apscheduler.scheduler:Adding job tentatively -- it will be properly scheduled when the scheduler starts
INFO:apscheduler.scheduler:Added job "release_expired_seats" to job store "default"
INFO:apscheduler.scheduler:Scheduler started
INFO:apscheduler.scheduler:Adding job tentatively -- it will be properly scheduled when the scheduler starts
INFO:apscheduler.scheduler:Added job "release_expired_seats" to job store "default"
INFO:apscheduler.scheduler:Scheduler started
INFO:apscheduler.executors.default:Running job "release_expired_seats (trigger: interval[0:00:30], next run at: 2026-06-29 18:41:25 IST)" (scheduled at 2026-06-29 18:41:25.620372+05:30)
INFO:apscheduler.executors.default:Job "release_expired_seats (trigger: interval[0:00:30], next run at: 2026-06-29 18:41:55 IST)" executed successfully
INFO:apscheduler.executors.default:Running job "release_expired_seats (trigger: interval[0:00:30], next run at: 2026-06-29 18:42:25 IST)" (scheduled at 2026-06-29 18:41:55.620372+05:30)
INFO:apscheduler.executors.default:Job "release_expired_seats (trigger: interval[0:00:30], next run at: 2026-06-29 18:42:25 IST)" executed successfully
INFO:apscheduler.executors.default:Running job "release_expired_seats (trigger: interval[0:00:30], next run at: 2026-06-29 18:42:55 IST)" (scheduled at 2026-06-29 18:42:25.620372+05:30)
INFO:apscheduler.executors.default:Job "release_expired_seats (trigger: interval[0:00:30], next run at: 2026-06-29 18:42:55 IST)" executed successfully
INFO:apscheduler.executors.default:Running job "release_expired_seats (trigger: interval[0:00:30], next run at: 2026-06-29 18:43:25 IST)" (scheduled at 2026-06-29 18:42:55.620372+05:30)
INFO:apscheduler.executors.default:Job "release_expired_seats (trigger: interval[0:00:30], next run at: 2026-06-29 18:43:25 IST)" executed successfully
INFO:apscheduler.scheduler:Adding job tentatively -- it will be properly scheduled when the scheduler starts
INFO:apscheduler.scheduler:Added job "release_expired_seats" to job store "default"
INFO:apscheduler.scheduler:Scheduler started
INFO:apscheduler.executors.default:Running job "release_expired_seats (trigger: interval[0:00:30], next run at: 2026-06-29 18:59:24 IST)" (scheduled at 2026-06-29 18:59:24.745335+05:30)
INFO:apscheduler.executors.default:Job "release_expired_seats (trigger: interval[0:00:30], next run at: 2026-06-29 18:59:54 IST)" executed successfully
INFO:apscheduler.executors.default:Running job "release_expired_seats (trigger: interval[0:00:30], next run at: 2026-06-29 19:00:24 IST)" (scheduled at 2026-06-29 18:59:54.745335+05:30)
INFO:apscheduler.executors.default:Job "release_expired_seats (trigger: interval[0:00:30], next run at: 2026-06-29 19:00:24 IST)" executed successfully
INFO:apscheduler.executors.default:Running job "release_expired_seats (trigger: interval[0:00:30], next run at: 2026-06-29 19:00:54 IST)" (scheduled at 2026-06-29 19:00:24.745335+05:30)
INFO:apscheduler.executors.default:Job "release_expired_seats (trigger: interval[0:00:30], next run at: 2026-06-29 19:00:54 IST)" executed successfully
INFO:apscheduler.executors.default:Running job "release_expired_seats (trigger: interval[0:00:30], next run at: 2026-06-29 19:01:24 IST)" (scheduled at 2026-06-29 19:00:54.745335+05:30)
INFO:apscheduler.executors.default:Job "release_expired_seats (trigger: interval[0:00:30], next run at: 2026-06-29 19:01:24 IST)" executed successfully
INFO:apscheduler.executors.default:Running job "release_expired_seats (trigger: interval[0:00:30], next run at: 2026-06-29 19:01:54 IST)" (scheduled at 2026-06-29 19:01:24.745335+05:30)
INFO:apscheduler.executors.default:Job "release_expired_seats (trigger: interval[0:00:30], next run at: 2026-06-29 19:01:54 IST)" executed successfully
INFO:apscheduler.executors.default:Running job "release_expired_seats (trigger: interval[0:00:30], next run at: 2026-06-29 19:02:24 IST)" (scheduled at 2026-06-29 19:01:54.745335+05:30)
INFO:apscheduler.executors.default:Job "release_expired_seats (trigger: interval[0:00:30], next run at: 2026-06-29 19:02:24 IST)" executed successfully
INFO:apscheduler.executors.default:Running job "release_expired_seats (trigger: interval[0:00:30], next run at: 2026-06-29 19:02:54 IST)" (scheduled at 2026-06-29 19:02:24.745335+05:30)
INFO:apscheduler.executors.default:Job "release_expired_seats (trigger: interval[0:00:30], next run at: 2026-06-29 19:02:54 IST)" executed successfully
INFO:apscheduler.executors.default:Running job "release_expired_seats (trigger: interval[0:00:30], next run at: 2026-06-29 19:03:24 IST)" (scheduled at 2026-06-29 19:02:54.745335+05:30)
INFO:apscheduler.executors.default:Job "release_expired_seats (trigger: interval[0:00:30], next run at: 2026-06-29 19:03:24 IST)" executed successfully
INFO:apscheduler.executors.default:Running job "release_expired_seats (trigger: interval[0:00:30], next run at: 2026-06-29 19:03:54 IST)" (scheduled at 2026-06-29 19:03:24.745335+05:30)
INFO:apscheduler.executors.default:Job "release_expired_seats (trigger: interval[0:00:30], next run at: 2026-06-29 19:03:54 IST)" executed successfully
INFO:apscheduler.scheduler:Adding job tentatively -- it will be properly scheduled when the scheduler starts
INFO:apscheduler.scheduler:Added job "release_expired_seats" to job store "default"
INFO:apscheduler.scheduler:Scheduler started
INFO:apscheduler.scheduler:Adding job tentatively -- it will be properly scheduled when the scheduler starts
INFO:apscheduler.scheduler:Added job "release_expired_seats" to job store "default"
INFO:apscheduler.scheduler:Scheduler started
INFO:apscheduler.executors.default:Running job "release_expired_seats (trigger: interval[0:00:30], next run at: 2026-06-30 12:29:54 IST)" (scheduled at 2026-06-30 12:29:54.263758+05:30)
INFO:apscheduler.executors.default:Job "release_expired_seats (trigger: interval[0:00:30], next run at: 2026-06-30 12:30:24 IST)" executed successfully
INFO:apscheduler.executors.default:Running job "release_expired_seats (trigger: interval[0:00:30], next run at: 2026-06-30 12:30:54 IST)" (scheduled at 2026-06-30 12:30:24.263758+05:30)
INFO:apscheduler.executors.default:Job "release_expired_seats (trigger: interval[0:00:30], next run at: 2026-06-30 12:30:54 IST)" executed successfully
INFO:apscheduler.executors.default:Running job "release_expired_seats (trigger: interval[0:00:30], next run at: 2026-06-30 12:31:24 IST)" (scheduled at 2026-06-30 12:30:54.263758+05:30)
INFO:apscheduler.executors.default:Job "release_expired_seats (trigger: interval[0:00:30], next run at: 2026-06-30 12:31:24 IST)" executed successfully
INFO:apscheduler.executors.default:Running job "release_expired_seats (trigger: interval[0:00:30], next run at: 2026-06-30 12:31:54 IST)" (scheduled at 2026-06-30 12:31:24.263758+05:30)
INFO:apscheduler.executors.default:Job "release_expired_seats (trigger: interval[0:00:30], next run at: 2026-06-30 12:31:54 IST)" executed successfully
INFO:apscheduler.executors.default:Running job "release_expired_seats (trigger: interval[0:00:30], next run at: 2026-06-30 12:32:24 IST)" (scheduled at 2026-06-30 12:31:54.263758+05:30)
INFO:apscheduler.executors.default:Job "release_expired_seats (trigger: interval[0:00:30], next run at: 2026-06-30 12:32:24 IST)" executed successfully
INFO:apscheduler.executors.default:Running job "release_expired_seats (trigger: interval[0:00:30], next run at: 2026-06-30 12:32:54 IST)" (scheduled at 2026-06-30 12:32:24.263758+05:30)
INFO:apscheduler.executors.default:Job "release_expired_seats (trigger: interval[0:00:30], next run at: 2026-06-30 12:32:54 IST)" executed successfully
INFO:apscheduler.executors.default:Running job "release_expired_seats (trigger: interval[0:00:30], next run at: 2026-06-30 12:33:24 IST)" (scheduled at 2026-06-30 12:32:54.263758+05:30)
INFO:apscheduler.executors.default:Job "release_expired_seats (trigger: interval[0:00:30], next run at: 2026-06-30 12:33:24 IST)" executed successfully
INFO:apscheduler.executors.default:Running job "release_expired_seats (trigger: interval[0:00:30], next run at: 2026-06-30 12:33:54 IST)" (scheduled at 2026-06-30 12:33:24.263758+05:30)
INFO:apscheduler.executors.default:Job "release_expired_seats (trigger: interval[0:00:30], next run at: 2026-06-30 12:33:54 IST)" executed successfully
INFO:apscheduler.executors.default:Running job "release_expired_seats (trigger: interval[0:00:30], next run at: 2026-06-30 12:34:24 IST)" (scheduled at 2026-06-30 12:33:54.263758+05:30)
INFO:apscheduler.executors.default:Job "release_expired_seats (trigger: interval[0:00:30], next run at: 2026-06-30 12:34:24 IST)" executed successfully
INFO:apscheduler.executors.default:Running job "release_expired_seats (trigger: interval[0:00:30], next run at: 2026-06-30 12:34:54 IST)" (scheduled at 2026-06-30 12:34:24.263758+05:30)
INFO:apscheduler.executors.default:Job "release_expired_seats (trigger: interval[0:00:30], next run at: 2026-06-30 12:34:54 IST)" executed successfully
INFO:apscheduler.executors.default:Running job "release_expired_seats (trigger: interval[0:00:30], next run at: 2026-06-30 12:35:24 IST)" (scheduled at 2026-06-30 12:34:54.263758+05:30)
INFO:apscheduler.executors.default:Job "release_expired_seats (trigger: interval[0:00:30], next run at: 2026-06-30 12:35:24 IST)" executed successfully
INFO:apscheduler.executors.default:Running job "release_expired_seats (trigger: interval[0:00:30], next run at: 2026-06-30 12:35:54 IST)" (scheduled at 2026-06-30 12:35:24.263758+05:30)
INFO:apscheduler.executors.default:Job "release_expired_seats (trigger: interval[0:00:30], next run at: 2026-06-30 12:35:54 IST)" executed successfully
INFO:apscheduler.executors.default:Running job "release_expired_seats (trigger: interval[0:00:30], next run at: 2026-06-30 12:36:24 IST)" (scheduled at 2026-06-30 12:35:54.263758+05:30)
INFO:apscheduler.executors.default:Job "release_expired_seats (trigger: interval[0:00:30], next run at: 2026-06-30 12:36:24 IST)" executed successfully
INFO:apscheduler.executors.default:Running job "release_expired_seats (trigger: interval[0:00:30], next run at: 2026-06-30 12:36:54 IST)" (scheduled at 2026-06-30 12:36:24.263758+05:30)
INFO:apscheduler.executors.default:Job "release_expired_seats (trigger: interval[0:00:30], next run at: 2026-06-30 12:36:54 IST)" executed successfully
INFO:apscheduler.executors.default:Running job "release_expired_seats (trigger: interval[0:00:30], next run at: 2026-06-30 12:37:24 IST)" (scheduled at 2026-06-30 12:36:54.263758+05:30)
INFO:apscheduler.executors.default:Job "release_expired_seats (trigger: interval[0:00:30], next run at: 2026-06-30 12:37:24 IST)" executed successfully
INFO:apscheduler.executors.default:Running job "release_expired_seats (trigger: interval[0:00:30], next run at: 2026-06-30 12:37:54 IST)" (scheduled at 2026-06-30 12:37:24.263758+05:30)
INFO:apscheduler.executors.default:Job "release_expired_seats (trigger: interval[0:00:30], next run at: 2026-06-30 12:37:54 IST)" executed successfully
INFO:apscheduler.executors.default:Running job "release_expired_seats (trigger: interval[0:00:30], next run at: 2026-06-30 12:38:24 IST)" (scheduled at 2026-06-30 12:37:54.263758+05:30)
INFO:apscheduler.executors.default:Job "release_expired_seats (trigger: interval[0:00:30], next run at: 2026-06-30 12:38:24 IST)" executed successfully
INFO:apscheduler.scheduler:Adding job tentatively -- it will be properly scheduled when the scheduler starts
INFO:apscheduler.scheduler:Added job "release_expired_seats" to job store "default"
INFO:apscheduler.scheduler:Scheduler started
INFO:apscheduler.executors.default:Running job "release_expired_seats (trigger: interval[0:00:30], next run at: 2026-06-30 12:38:54 IST)" (scheduled at 2026-06-30 12:38:24.263758+05:30)
INFO:apscheduler.executors.default:Job "release_expired_seats (trigger: interval[0:00:30], next run at: 2026-06-30 12:38:54 IST)" executed successfully
INFO:apscheduler.executors.default:Running job "release_expired_seats (trigger: interval[0:00:30], next run at: 2026-06-30 12:39:24 IST)" (scheduled at 2026-06-30 12:38:54.263758+05:30)
INFO:apscheduler.executors.default:Job "release_expired_seats (trigger: interval[0:00:30], next run at: 2026-06-30 12:39:24 IST)" executed successfully
INFO:apscheduler.scheduler:Adding job tentatively -- it will be properly scheduled when the scheduler starts
INFO:apscheduler.scheduler:Added job "release_expired_seats" to job store "default"
INFO:apscheduler.scheduler:Scheduler started
INFO:apscheduler.scheduler:Adding job tentatively -- it will be properly scheduled when the scheduler starts
INFO:apscheduler.scheduler:Added job "release_expired_seats" to job store "default"
INFO:apscheduler.scheduler:Scheduler started
INFO:apscheduler.executors.default:Running job "release_expired_seats (trigger: interval[0:00:30], next run at: 2026-06-30 12:39:54 IST)" (scheduled at 2026-06-30 12:39:24.263758+05:30)
INFO:apscheduler.executors.default:Job "release_expired_seats (trigger: interval[0:00:30], next run at: 2026-06-30 12:39:54 IST)" executed successfully
INFO:apscheduler.executors.default:Running job "release_expired_seats (trigger: interval[0:00:30], next run at: 2026-06-30 12:40:24 IST)" (scheduled at 2026-06-30 12:39:54.263758+05:30)
INFO:apscheduler.executors.default:Job "release_expired_seats (trigger: interval[0:00:30], next run at: 2026-06-30 12:40:24 IST)" executed successfully
INFO:apscheduler.executors.default:Running job "release_expired_seats (trigger: interval[0:00:30], next run at: 2026-06-30 12:40:54 IST)" (scheduled at 2026-06-30 12:40:24.263758+05:30)
INFO:apscheduler.executors.default:Job "release_expired_seats (trigger: interval[0:00:30], next run at: 2026-06-30 12:40:54 IST)" executed successfully
INFO:apscheduler.executors.default:Running job "release_expired_seats (trigger: interval[0:00:30], next run at: 2026-06-30 12:41:24 IST)" (scheduled at 2026-06-30 12:40:54.263758+05:30)
INFO:apscheduler.executors.default:Job "release_expired_seats (trigger: interval[0:00:30], next run at: 2026-06-30 12:41:24 IST)" executed successfully
INFO:apscheduler.scheduler:Adding job tentatively -- it will be properly scheduled when the scheduler starts
INFO:apscheduler.scheduler:Added job "release_expired_seats" to job store "default"
INFO:apscheduler.scheduler:Scheduler started
INFO:apscheduler.executors.default:Running job "release_expired_seats (trigger: interval[0:00:30], next run at: 2026-06-30 12:41:54 IST)" (scheduled at 2026-06-30 12:41:24.263758+05:30)
INFO:apscheduler.executors.default:Job "release_expired_seats (trigger: interval[0:00:30], next run at: 2026-06-30 12:41:54 IST)" executed successfully
INFO:apscheduler.scheduler:Adding job tentatively -- it will be properly scheduled when the scheduler starts
INFO:apscheduler.scheduler:Added job "release_expired_seats" to job store "default"
INFO:apscheduler.scheduler:Scheduler started
INFO:apscheduler.executors.default:Running job "release_expired_seats (trigger: interval[0:00:30], next run at: 2026-06-30 12:42:24 IST)" (scheduled at 2026-06-30 12:41:54.263758+05:30)
INFO:apscheduler.executors.default:Job "release_expired_seats (trigger: interval[0:00:30], next run at: 2026-06-30 12:42:24 IST)" executed successfully
INFO:apscheduler.executors.default:Running job "release_expired_seats (trigger: interval[0:00:30], next run at: 2026-06-30 12:42:54 IST)" (scheduled at 2026-06-30 12:42:24.263758+05:30)
INFO:apscheduler.executors.default:Job "release_expired_seats (trigger: interval[0:00:30], next run at: 2026-06-30 12:42:54 IST)" executed successfully
INFO:apscheduler.executors.default:Running job "release_expired_seats (trigger: interval[0:00:30], next run at: 2026-06-30 12:43:24 IST)" (scheduled at 2026-06-30 12:42:54.263758+05:30)
INFO:apscheduler.executors.default:Job "release_expired_seats (trigger: interval[0:00:30], next run at: 2026-06-30 12:43:24 IST)" executed successfully
INFO:apscheduler.executors.default:Running job "release_expired_seats (trigger: interval[0:00:30], next run at: 2026-06-30 12:43:54 IST)" (scheduled at 2026-06-30 12:43:24.263758+05:30)
INFO:apscheduler.executors.default:Job "release_expired_seats (trigger: interval[0:00:30], next run at: 2026-06-30 12:43:54 IST)" executed successfully
INFO:apscheduler.executors.default:Running job "release_expired_seats (trigger: interval[0:00:30], next run at: 2026-06-30 12:44:24 IST)" (scheduled at 2026-06-30 12:43:54.263758+05:30)
INFO:apscheduler.executors.default:Job "release_expired_seats (trigger: interval[0:00:30], next run at: 2026-06-30 12:44:24 IST)" executed successfully
INFO:apscheduler.executors.default:Running job "release_expired_seats (trigger: interval[0:00:30], next run at: 2026-06-30 12:44:54 IST)" (scheduled at 2026-06-30 12:44:24.263758+05:30)
INFO:apscheduler.executors.default:Job "release_expired_seats (trigger: interval[0:00:30], next run at: 2026-06-30 12:44:54 IST)" executed successfully
INFO:apscheduler.scheduler:Adding job tentatively -- it will be properly scheduled when the scheduler starts
INFO:apscheduler.scheduler:Added job "release_expired_seats" to job store "default"
INFO:apscheduler.scheduler:Scheduler started
INFO:apscheduler.scheduler:Adding job tentatively -- it will be properly scheduled when the scheduler starts
INFO:apscheduler.scheduler:Added job "release_expired_seats" to job store "default"
INFO:apscheduler.scheduler:Scheduler started
INFO:apscheduler.executors.default:Running job "release_expired_seats (trigger: interval[0:00:30], next run at: 2026-06-30 12:45:31 IST)" (scheduled at 2026-06-30 12:45:31.174708+05:30)
INFO:apscheduler.executors.default:Job "release_expired_seats (trigger: interval[0:00:30], next run at: 2026-06-30 12:46:01 IST)" executed successfully
INFO:apscheduler.executors.default:Running job "release_expired_seats (trigger: interval[0:00:30], next run at: 2026-06-30 12:46:31 IST)" (scheduled at 2026-06-30 12:46:01.174708+05:30)
INFO:apscheduler.executors.default:Job "release_expired_seats (trigger: interval[0:00:30], next run at: 2026-06-30 12:46:31 IST)" executed successfully
